This file contains any messages produced by compilers while
running configure, to aid debugging if configure makes a mistake.

It was created by memqd configure 1.0.1, which was
generated by GNU Autoconf 2.59.  Invocation command line was

  $ ./configure --prefix=/usr/local/MemQ

## --------- ##
## Platform. ##
## --------- ##

hostname = php103
uname -m = i686
uname -r = 2.6.18-53.1.14.el5
uname -s = Linux
uname -v = #1 SMP Wed Mar 5 11:36:49 EST 2008

/usr/bin/uname -p = unknown
/bin/uname -X     = unknown

/bin/arch              = i686
/usr/bin/arch -k       = unknown
/usr/convex/getsysinfo = unknown
hostinfo               = unknown
/bin/machine           = unknown
/usr/bin/oslevel       = unknown
/bin/universe          = unknown

PATH: /usr/kerberos/sbin
PATH: /usr/kerberos/bin
PATH: /usr/local/sbin
PATH: /usr/local/bin
PATH: /sbin
PATH: /bin
PATH: /usr/sbin
PATH: /usr/bin
PATH: /root/bin


## ----------- ##
## Core tests. ##
## ----------- ##

configure:1354: checking build system type
configure:1372: result: i686-pc-linux-gnu
configure:1380: checking host system type
configure:1394: result: i686-pc-linux-gnu
configure:1402: checking target system type
configure:1416: result: i686-pc-linux-gnu
configure:1445: checking for a BSD-compatible install
configure:1500: result: /usr/bin/install -c
configure:1511: checking whether build environment is sane
configure:1554: result: yes
configure:1619: checking for gawk
configure:1635: found /bin/gawk
configure:1645: result: gawk
configure:1655: checking whether make sets $(MAKE)
configure:1675: result: yes
configure:1892: checking for gcc
configure:1908: found /usr/bin/gcc
configure:1918: result: gcc
configure:2162: checking for C compiler version
configure:2165: gcc --version </dev/null >&5
gcc (GCC) 4.1.2 20070626 (Red Hat 4.1.2-14)
Copyright (C) 2006 Free Software Foundation, Inc.
This is free software; see the source for copying conditions.  There is NO
warranty; not even for MERCHANTABILITY or FITNESS FOR A PARTICULAR PURPOSE.

configure:2168: $? = 0
configure:2170: gcc -v </dev/null >&5
Using built-in specs.
Target: i386-redhat-linux
Configured with: ../configure --prefix=/usr --mandir=/usr/share/man --infodir=/usr/share/info --enable-shared --enable-threads=posix --enable-checking=release --with-system-zlib --enable-__cxa_atexit --disable-libunwind-exceptions --enable-libgcj-multifile --enable-languages=c,c++,objc,obj-c++,java,fortran,ada --enable-java-awt=gtk --disable-dssi --enable-plugin --with-java-home=/usr/lib/jvm/java-1.4.2-gcj-1.4.2.0/jre --with-cpu=generic --host=i386-redhat-linux
Thread model: posix
gcc version 4.1.2 20070626 (Red Hat 4.1.2-14)
configure:2173: $? = 0
configure:2175: gcc -V </dev/null >&5
gcc: '-V' option must have argument
configure:2178: $? = 1
configure:2201: checking for C compiler default output file name
configure:2204: gcc    conftest.c  >&5
configure:2207: $? = 0
configure:2253: result: a.out
configure:2258: checking whether the C compiler works
configure:2264: ./a.out
configure:2267: $? = 0
configure:2284: result: yes
configure:2291: checking whether we are cross compiling
configure:2293: result: no
configure:2296: checking for suffix of executables
configure:2298: gcc -o conftest    conftest.c  >&5
configure:2301: $? = 0
configure:2326: result: 
configure:2332: checking for suffix of object files
configure:2353: gcc -c   conftest.c >&5
configure:2356: $? = 0
configure:2378: result: o
configure:2382: checking whether we are using the GNU C compiler
configure:2406: gcc -c   conftest.c >&5
configure:2412: $? = 0
configure:2416: test -z 
			 || test ! -s conftest.err
configure:2419: $? = 0
configure:2422: test -s conftest.o
configure:2425: $? = 0
configure:2438: result: yes
configure:2444: checking whether gcc accepts -g
configure:2465: gcc -c -g  conftest.c >&5
configure:2471: $? = 0
configure:2475: test -z 
			 || test ! -s conftest.err
configure:2478: $? = 0
configure:2481: test -s conftest.o
configure:2484: $? = 0
configure:2495: result: yes
configure:2512: checking for gcc option to accept ANSI C
configure:2582: gcc  -c -g -O2  conftest.c >&5
configure:2588: $? = 0
configure:2592: test -z 
			 || test ! -s conftest.err
configure:2595: $? = 0
configure:2598: test -s conftest.o
configure:2601: $? = 0
configure:2619: result: none needed
configure:2637: gcc -c -g -O2  conftest.c >&5
conftest.c:2: error: expected '=', ',', ';', 'asm' or '__attribute__' before 'me'
configure:2643: $? = 1
configure: failed program was:
| #ifndef __cplusplus
|   choke me
| #endif
configure:2787: checking for style of include used by make
configure:2815: result: GNU
configure:2843: checking dependency style of gcc
configure:2933: result: gcc3
configure:2963: checking for a BSD-compatible install
configure:3018: result: /usr/bin/install -c
configure:3047: checking for libevent directory
configure:3096: gcc -o conftest -g -O2   conftest.c  -levent >&5
configure:3102: $? = 0
configure:3106: test -z 
			 || test ! -s conftest.err
configure:3109: $? = 0
configure:3112: test -s conftest
configure:3115: $? = 0
configure:3152: result: (system)
configure:3171: checking for library containing socket
configure:3201: gcc -o conftest -g -O2   conftest.c  -levent >&5
configure:3207: $? = 0
configure:3211: test -z 
			 || test ! -s conftest.err
configure:3214: $? = 0
configure:3217: test -s conftest
configure:3220: $? = 0
configure:3290: result: none required
configure:3297: checking for library containing gethostbyname
configure:3327: gcc -o conftest -g -O2   conftest.c  -levent >&5
configure:3333: $? = 0
configure:3337: test -z 
			 || test ! -s conftest.err
configure:3340: $? = 0
configure:3343: test -s conftest
configure:3346: $? = 0
configure:3416: result: none required
configure:3423: checking for library containing mallinfo
configure:3453: gcc -o conftest -g -O2   conftest.c  -levent >&5
configure:3459: $? = 0
configure:3463: test -z 
			 || test ! -s conftest.err
configure:3466: $? = 0
configure:3469: test -s conftest
configure:3472: $? = 0
configure:3542: result: none required
configure:3550: checking for daemon
configure:3607: gcc -o conftest -g -O2   conftest.c  -levent >&5
configure:3613: $? = 0
configure:3617: test -z 
			 || test ! -s conftest.err
configure:3620: $? = 0
configure:3623: test -s conftest
configure:3626: $? = 0
configure:3638: result: yes
configure:3664: checking how to run the C preprocessor
configure:3699: gcc -E  conftest.c
configure:3705: $? = 0
configure:3737: gcc -E  conftest.c
conftest.c:12:28: error: ac_nonexistent.h: No such file or directory
configure:3743: $? = 1
configure: failed program was:
| /* confdefs.h.  */
| 
| #define PACKAGE_NAME "memqd"
| #define PACKAGE_TARNAME "memqd"
| #define PACKAGE_VERSION "1.0.1"
| #define PACKAGE_STRING "memqd 1.0.1"
| #define PACKAGE_BUGREPORT "roast@php.net"
| #define PACKAGE "memqd"
| #define VERSION "1.0.1"
| #define HAVE_DAEMON
| /* end confdefs.h.  */
| #include <ac_nonexistent.h>
configure:3782: result: gcc -E
configure:3806: gcc -E  conftest.c
configure:3812: $? = 0
configure:3844: gcc -E  conftest.c
conftest.c:12:28: error: ac_nonexistent.h: No such file or directory
configure:3850: $? = 1
configure: failed program was:
| /* confdefs.h.  */
| 
| #define PACKAGE_NAME "memqd"
| #define PACKAGE_TARNAME "memqd"
| #define PACKAGE_VERSION "1.0.1"
| #define PACKAGE_STRING "memqd 1.0.1"
| #define PACKAGE_BUGREPORT "roast@php.net"
| #define PACKAGE "memqd"
| #define VERSION "1.0.1"
| #define HAVE_DAEMON
| /* end confdefs.h.  */
| #include <ac_nonexistent.h>
configure:3894: checking for egrep
configure:3904: result: grep -E
configure:3909: checking for ANSI C header files
configure:3934: gcc -c -g -O2  conftest.c >&5
configure:3940: $? = 0
configure:3944: test -z 
			 || test ! -s conftest.err
configure:3947: $? = 0
configure:3950: test -s conftest.o
configure:3953: $? = 0
configure:4042: gcc -o conftest -g -O2   conftest.c  -levent >&5
conftest.c: In function 'main':
conftest.c:29: warning: incompatible implicit declaration of built-in function 'exit'
configure:4045: $? = 0
configure:4047: ./conftest
configure:4050: $? = 0
configure:4065: result: yes
configure:4089: checking for sys/types.h
configure:4105: gcc -c -g -O2  conftest.c >&5
configure:4111: $? = 0
configure:4115: test -z 
			 || test ! -s conftest.err
configure:4118: $? = 0
configure:4121: test -s conftest.o
configure:4124: $? = 0
configure:4135: result: yes
configure:4089: checking for sys/stat.h
configure:4105: gcc -c -g -O2  conftest.c >&5
configure:4111: $? = 0
configure:4115: test -z 
			 || test ! -s conftest.err
configure:4118: $? = 0
configure:4121: test -s conftest.o
configure:4124: $? = 0
configure:4135: result: yes
configure:4089: checking for stdlib.h
configure:4105: gcc -c -g -O2  conftest.c >&5
configure:4111: $? = 0
configure:4115: test -z 
			 || test ! -s conftest.err
configure:4118: $? = 0
configure:4121: test -s conftest.o
configure:4124: $? = 0
configure:4135: result: yes
configure:4089: checking for string.h
configure:4105: gcc -c -g -O2  conftest.c >&5
configure:4111: $? = 0
configure:4115: test -z 
			 || test ! -s conftest.err
configure:4118: $? = 0
configure:4121: test -s conftest.o
configure:4124: $? = 0
configure:4135: result: yes
configure:4089: checking for memory.h
configure:4105: gcc -c -g -O2  conftest.c >&5
configure:4111: $? = 0
configure:4115: test -z 
			 || test ! -s conftest.err
configure:4118: $? = 0
configure:4121: test -s conftest.o
configure:4124: $? = 0
configure:4135: result: yes
configure:4089: checking for strings.h
configure:4105: gcc -c -g -O2  conftest.c >&5
configure:4111: $? = 0
configure:4115: test -z 
			 || test ! -s conftest.err
configure:4118: $? = 0
configure:4121: test -s conftest.o
configure:4124: $? = 0
configure:4135: result: yes
configure:4089: checking for inttypes.h
configure:4105: gcc -c -g -O2  conftest.c >&5
configure:4111: $? = 0
configure:4115: test -z 
			 || test ! -s conftest.err
configure:4118: $? = 0
configure:4121: test -s conftest.o
configure:4124: $? = 0
configure:4135: result: yes
configure:4089: checking for stdint.h
configure:4105: gcc -c -g -O2  conftest.c >&5
configure:4111: $? = 0
configure:4115: test -z 
			 || test ! -s conftest.err
configure:4118: $? = 0
configure:4121: test -s conftest.o
configure:4124: $? = 0
configure:4135: result: yes
configure:4089: checking for unistd.h
configure:4105: gcc -c -g -O2  conftest.c >&5
configure:4111: $? = 0
configure:4115: test -z 
			 || test ! -s conftest.err
configure:4118: $? = 0
configure:4121: test -s conftest.o
configure:4124: $? = 0
configure:4135: result: yes
configure:4157: checking malloc.h usability
configure:4169: gcc -c -g -O2  conftest.c >&5
configure:4175: $? = 0
configure:4179: test -z 
			 || test ! -s conftest.err
configure:4182: $? = 0
configure:4185: test -s conftest.o
configure:4188: $? = 0
configure:4198: result: yes
configure:4202: checking malloc.h presence
configure:4212: gcc -E  conftest.c
configure:4218: $? = 0
configure:4238: result: yes
configure:4273: checking for malloc.h
configure:4280: result: yes
configure:4293: checking for struct mallinfo.arena
configure:4320: gcc -c -g -O2  conftest.c >&5
configure:4326: $? = 0
configure:4330: test -z 
			 || test ! -s conftest.err
configure:4333: $? = 0
configure:4336: test -s conftest.o
configure:4339: $? = 0
configure:4400: result: yes
configure:4415: checking for socklen_t
configure:4442: gcc -c -g -O2  conftest.c >&5
configure:4448: $? = 0
configure:4452: test -z 
			 || test ! -s conftest.err
configure:4455: $? = 0
configure:4458: test -s conftest.o
configure:4461: $? = 0
configure:4477: result: yes
configure:4492: checking for mlockall
configure:4549: gcc -o conftest -g -O2   conftest.c  -levent >&5
configure:4555: $? = 0
configure:4559: test -z 
			 || test ! -s conftest.err
configure:4562: $? = 0
configure:4565: test -s conftest
configure:4568: $? = 0
configure:4580: result: yes
configure:4702: creating ./config.status

## ---------------------- ##
## Running config.status. ##
## ---------------------- ##

This file was extended by memqd config.status 1.0.1, which was
generated by GNU Autoconf 2.59.  Invocation command line was

  CONFIG_FILES    = 
  CONFIG_HEADERS  = 
  CONFIG_LINKS    = 
  CONFIG_COMMANDS = 
  $ ./config.status 

on php103

config.status:702: creating Makefile
config.status:702: creating doc/Makefile
config.status:806: creating config.h
config.status:1100: executing depfiles commands

## ---------------- ##
## Cache variables. ##
## ---------------- ##

ac_cv_build=i686-pc-linux-gnu
ac_cv_build_alias=i686-pc-linux-gnu
ac_cv_c_compiler_gnu=yes
ac_cv_c_socklen_t=yes
ac_cv_env_CC_set=
ac_cv_env_CC_value=
ac_cv_env_CFLAGS_set=
ac_cv_env_CFLAGS_value=
ac_cv_env_CPPFLAGS_set=
ac_cv_env_CPPFLAGS_value=
ac_cv_env_CPP_set=
ac_cv_env_CPP_value=
ac_cv_env_LDFLAGS_set=
ac_cv_env_LDFLAGS_value=
ac_cv_env_build_alias_set=
ac_cv_env_build_alias_value=
ac_cv_env_host_alias_set=
ac_cv_env_host_alias_value=
ac_cv_env_target_alias_set=
ac_cv_env_target_alias_value=
ac_cv_exeext=
ac_cv_func_daemon=yes
ac_cv_func_mlockall=yes
ac_cv_header_inttypes_h=yes
ac_cv_header_malloc_h=yes
ac_cv_header_memory_h=yes
ac_cv_header_stdc=yes
ac_cv_header_stdint_h=yes
ac_cv_header_stdlib_h=yes
ac_cv_header_string_h=yes
ac_cv_header_strings_h=yes
ac_cv_header_sys_stat_h=yes
ac_cv_header_sys_types_h=yes
ac_cv_header_unistd_h=yes
ac_cv_host=i686-pc-linux-gnu
ac_cv_host_alias=i686-pc-linux-gnu
ac_cv_libevent_dir='(system)'
ac_cv_member_struct_mallinfo_arena=yes
ac_cv_objext=o
ac_cv_path_install='/usr/bin/install -c'
ac_cv_prog_AWK=gawk
ac_cv_prog_CPP='gcc -E'
ac_cv_prog_ac_ct_CC=gcc
ac_cv_prog_cc_g=yes
ac_cv_prog_cc_stdc=
ac_cv_prog_egrep='grep -E'
ac_cv_prog_make_make_set=yes
ac_cv_search_gethostbyname='none required'
ac_cv_search_mallinfo='none required'
ac_cv_search_socket='none required'
ac_cv_target=i686-pc-linux-gnu
ac_cv_target_alias=i686-pc-linux-gnu
am_cv_CC_dependencies_compiler_type=gcc3

## ----------------- ##
## Output variables. ##
## ----------------- ##

ACLOCAL='${SHELL} /www/activity/MemQD/missing --run aclocal-1.9'
AMDEPBACKSLASH='\'
AMDEP_FALSE='#'
AMDEP_TRUE=''
AMTAR='${SHELL} /www/activity/MemQD/missing --run tar'
AUTOCONF='${SHELL} /www/activity/MemQD/missing --run autoconf'
AUTOHEADER='${SHELL} /www/activity/MemQD/missing --run autoheader'
AUTOMAKE='${SHELL} /www/activity/MemQD/missing --run automake-1.9'
AWK='gawk'
CC='gcc'
CCDEPMODE='depmode=gcc3'
CFLAGS='-g -O2'
CPP='gcc -E'
CPPFLAGS=''
CYGPATH_W='echo'
DEFS='-DHAVE_CONFIG_H'
DEPDIR='.deps'
ECHO_C=''
ECHO_N='-n'
ECHO_T=''
EGREP='grep -E'
EXEEXT=''
INSTALL_DATA='${INSTALL} -m 644'
INSTALL_PROGRAM='${INSTALL}'
INSTALL_SCRIPT='${INSTALL}'
INSTALL_STRIP_PROGRAM='${SHELL} $(install_sh) -c -s'
LDFLAGS=''
LIBOBJS=''
LIBS=' -levent'
LTLIBOBJS=''
MAKEINFO='${SHELL} /www/activity/MemQD/missing --run makeinfo'
OBJEXT='o'
PACKAGE='memqd'
PACKAGE_BUGREPORT='roast@php.net'
PACKAGE_NAME='memqd'
PACKAGE_STRING='memqd 1.0.1'
PACKAGE_TARNAME='memqd'
PACKAGE_VERSION='1.0.1'
PATH_SEPARATOR=':'
SET_MAKE=''
SHELL='/bin/sh'
STRIP=''
VERSION='1.0.1'
ac_ct_CC='gcc'
ac_ct_STRIP=''
am__fastdepCC_FALSE='#'
am__fastdepCC_TRUE=''
am__include='include'
am__leading_dot='.'
am__quote=''
am__tar='${AMTAR} chof - "$$tardir"'
am__untar='${AMTAR} xf -'
bindir='${exec_prefix}/bin'
build='i686-pc-linux-gnu'
build_alias=''
build_cpu='i686'
build_os='linux-gnu'
build_vendor='pc'
datadir='${prefix}/share'
exec_prefix='${prefix}'
host='i686-pc-linux-gnu'
host_alias=''
host_cpu='i686'
host_os='linux-gnu'
host_vendor='pc'
includedir='${prefix}/include'
infodir='${prefix}/info'
install_sh='/www/activity/MemQD/install-sh'
libdir='${exec_prefix}/lib'
libexecdir='${exec_prefix}/libexec'
localstatedir='${prefix}/var'
mandir='${prefix}/man'
mkdir_p='mkdir -p --'
oldincludedir='/usr/include'
prefix='/usr/local/MemQ'
program_transform_name='s,x,x,'
sbindir='${exec_prefix}/sbin'
sharedstatedir='${prefix}/com'
sysconfdir='${prefix}/etc'
target='i686-pc-linux-gnu'
target_alias=''
target_cpu='i686'
target_os='linux-gnu'
target_vendor='pc'

## ----------- ##
## confdefs.h. ##
## ----------- ##

#define HAVE_DAEMON
#define HAVE_INTTYPES_H 1
#define HAVE_MALLOC_H
#define HAVE_MEMORY_H 1
#define HAVE_MLOCKALL 1
#define HAVE_STDINT_H 1
#define HAVE_STDLIB_H 1
#define HAVE_STRINGS_H 1
#define HAVE_STRING_H 1
#define HAVE_STRUCT_MALLINFO
#define HAVE_SYS_STAT_H 1
#define HAVE_SYS_TYPES_H 1
#define HAVE_UNISTD_H 1
#define PACKAGE "memqd"
#define PACKAGE_BUGREPORT "roast@php.net"
#define PACKAGE_NAME "memqd"
#define PACKAGE_STRING "memqd 1.0.1"
#define PACKAGE_TARNAME "memqd"
#define PACKAGE_VERSION "1.0.1"
#define STDC_HEADERS 1
#define VERSION "1.0.1"

configure: exit 0

## ---------------------- ##
## Running config.status. ##
## ---------------------- ##

This file was extended by memqd config.status 1.0.1, which was
generated by GNU Autoconf 2.59.  Invocation command line was

  CONFIG_FILES    = 
  CONFIG_HEADERS  = 
  CONFIG_LINKS    = 
  CONFIG_COMMANDS = 
  $ ./config.status config.h

on php103

config.status:806: creating config.h
config.status:920: config.h is unchanged
